<?xml version="1.0" encoding="UTF-8"?>
<testsuite xmlns:xsi="http://www.w3.org/2001/XMLSchema-instance" xsi:noNamespaceSchemaLocation="https://maven.apache.org/surefire/maven-surefire-plugin/xsd/surefire-test-report-3.0.xsd" version="3.0" name="GameTest" time="1.405" tests="5" errors="0" skipped="0" failures="0">
  <properties>
    <property name="java.specification.version" value="21"/>
    <property name="sun.cpu.isalist" value="amd64"/>
    <property name="sun.jnu.encoding" value="Cp1252"/>
    <property name="sun.awt.enableExtraMouseButtons" value="true"/>
    <property name="java.class.path" value="C:\Users\steve\OneDrive\Documents\Java MasterClass\MineSweeper\target\test-classes;C:\Users\steve\OneDrive\Documents\Java MasterClass\MineSweeper\target\classes;C:\Users\steve\.m2\repository\org\junit\jupiter\junit-jupiter\5.9.2\junit-jupiter-5.9.2.jar;C:\Users\steve\.m2\repository\org\junit\jupiter\junit-jupiter-api\5.9.2\junit-jupiter-api-5.9.2.jar;C:\Users\steve\.m2\repository\org\opentest4j\opentest4j\1.2.0\opentest4j-1.2.0.jar;C:\Users\steve\.m2\repository\org\junit\platform\junit-platform-commons\1.9.2\junit-platform-commons-1.9.2.jar;C:\Users\steve\.m2\repository\org\apiguardian\apiguardian-api\1.1.2\apiguardian-api-1.1.2.jar;C:\Users\steve\.m2\repository\org\junit\jupiter\junit-jupiter-params\5.9.2\junit-jupiter-params-5.9.2.jar;C:\Users\steve\.m2\repository\org\junit\jupiter\junit-jupiter-engine\5.9.2\junit-jupiter-engine-5.9.2.jar;C:\Users\steve\.m2\repository\org\junit\platform\junit-platform-engine\1.9.2\junit-platform-engine-1.9.2.jar;C:\Users\steve\.m2\repository\org\jacoco\jacoco-maven-plugin\0.8.11\jacoco-maven-plugin-0.8.11.jar;C:\Users\steve\.m2\repository\org\codehaus\plexus\plexus-utils\3.0.24\plexus-utils-3.0.24.jar;C:\Users\steve\.m2\repository\org\apache\maven\shared\file-management\3.1.0\file-management-3.1.0.jar;C:\Users\steve\.m2\repository\org\slf4j\slf4j-api\1.7.36\slf4j-api-1.7.36.jar;C:\Users\steve\.m2\repository\commons-io\commons-io\2.11.0\commons-io-2.11.0.jar;C:\Users\steve\.m2\repository\org\apache\maven\reporting\maven-reporting-api\3.0\maven-reporting-api-3.0.jar;C:\Users\steve\.m2\repository\org\apache\maven\doxia\doxia-sink-api\1.0\doxia-sink-api-1.0.jar;C:\Users\steve\.m2\repository\org\jacoco\org.jacoco.agent\0.8.11\org.jacoco.agent-0.8.11-runtime.jar;C:\Users\steve\.m2\repository\org\jacoco\org.jacoco.core\0.8.11\org.jacoco.core-0.8.11.jar;C:\Users\steve\.m2\repository\org\ow2\asm\asm\9.6\asm-9.6.jar;C:\Users\steve\.m2\repository\org\ow2\asm\asm-commons\9.6\asm-commons-9.6.jar;C:\Users\steve\.m2\repository\org\ow2\asm\asm-tree\9.6\asm-tree-9.6.jar;C:\Users\steve\.m2\repository\org\jacoco\org.jacoco.report\0.8.11\org.jacoco.report-0.8.11.jar;"/>
    <property name="java.vm.vendor" value="Oracle Corporation"/>
    <property name="sun.arch.data.model" value="64"/>
    <property name="user.variant" value=""/>
    <property name="java.vendor.url" value="https://java.oracle.com/"/>
    <property name="user.timezone" value="Europe/London"/>
    <property name="os.name" value="Windows 11"/>
    <property name="java.vm.specification.version" value="21"/>
    <property name="sun.java.launcher" value="SUN_STANDARD"/>
    <property name="user.country" value="GB"/>
    <property name="sun.boot.library.path" value="C:\Users\steve\OneDrive\Documents\jdk-21\bin"/>
    <property name="sun.java.command" value="C:\Users\steve\AppData\Local\Temp\surefire9619545961503778902\surefirebooter-20240304165931455_3.jar C:\Users\steve\AppData\Local\Temp\surefire9619545961503778902 2024-03-04T16-59-31_368-jvmRun1 surefire-20240304165931455_1tmp surefire_0-20240304165931455_2tmp"/>
    <property name="jdk.debug" value="release"/>
    <property name="surefire.test.class.path" value="C:\Users\steve\OneDrive\Documents\Java MasterClass\MineSweeper\target\test-classes;C:\Users\steve\OneDrive\Documents\Java MasterClass\MineSweeper\target\classes;C:\Users\steve\.m2\repository\org\junit\jupiter\junit-jupiter\5.9.2\junit-jupiter-5.9.2.jar;C:\Users\steve\.m2\repository\org\junit\jupiter\junit-jupiter-api\5.9.2\junit-jupiter-api-5.9.2.jar;C:\Users\steve\.m2\repository\org\opentest4j\opentest4j\1.2.0\opentest4j-1.2.0.jar;C:\Users\steve\.m2\repository\org\junit\platform\junit-platform-commons\1.9.2\junit-platform-commons-1.9.2.jar;C:\Users\steve\.m2\repository\org\apiguardian\apiguardian-api\1.1.2\apiguardian-api-1.1.2.jar;C:\Users\steve\.m2\repository\org\junit\jupiter\junit-jupiter-params\5.9.2\junit-jupiter-params-5.9.2.jar;C:\Users\steve\.m2\repository\org\junit\jupiter\junit-jupiter-engine\5.9.2\junit-jupiter-engine-5.9.2.jar;C:\Users\steve\.m2\repository\org\junit\platform\junit-platform-engine\1.9.2\junit-platform-engine-1.9.2.jar;C:\Users\steve\.m2\repository\org\jacoco\jacoco-maven-plugin\0.8.11\jacoco-maven-plugin-0.8.11.jar;C:\Users\steve\.m2\repository\org\codehaus\plexus\plexus-utils\3.0.24\plexus-utils-3.0.24.jar;C:\Users\steve\.m2\repository\org\apache\maven\shared\file-management\3.1.0\file-management-3.1.0.jar;C:\Users\steve\.m2\repository\org\slf4j\slf4j-api\1.7.36\slf4j-api-1.7.36.jar;C:\Users\steve\.m2\repository\commons-io\commons-io\2.11.0\commons-io-2.11.0.jar;C:\Users\steve\.m2\repository\org\apache\maven\reporting\maven-reporting-api\3.0\maven-reporting-api-3.0.jar;C:\Users\steve\.m2\repository\org\apache\maven\doxia\doxia-sink-api\1.0\doxia-sink-api-1.0.jar;C:\Users\steve\.m2\repository\org\jacoco\org.jacoco.agent\0.8.11\org.jacoco.agent-0.8.11-runtime.jar;C:\Users\steve\.m2\repository\org\jacoco\org.jacoco.core\0.8.11\org.jacoco.core-0.8.11.jar;C:\Users\steve\.m2\repository\org\ow2\asm\asm\9.6\asm-9.6.jar;C:\Users\steve\.m2\repository\org\ow2\asm\asm-commons\9.6\asm-commons-9.6.jar;C:\Users\steve\.m2\repository\org\ow2\asm\asm-tree\9.6\asm-tree-9.6.jar;C:\Users\steve\.m2\repository\org\jacoco\org.jacoco.report\0.8.11\org.jacoco.report-0.8.11.jar;"/>
    <property name="sun.cpu.endian" value="little"/>
    <property name="user.home" value="C:\Users\steve"/>
    <property name="user.language" value="en"/>
    <property name="java.specification.vendor" value="Oracle Corporation"/>
    <property name="java.version.date" value="2024-01-16"/>
    <property name="java.home" value="C:\Users\steve\OneDrive\Documents\jdk-21"/>
    <property name="file.separator" value="\"/>
    <property name="basedir" value="C:\Users\steve\OneDrive\Documents\Java MasterClass\MineSweeper"/>
    <property name="java.vm.compressedOopsMode" value="Zero based"/>
    <property name="line.separator" value="&#10;"/>
    <property name="java.vm.specification.vendor" value="Oracle Corporation"/>
    <property name="java.specification.name" value="Java Platform API Specification"/>
    <property name="surefire.real.class.path" value="C:\Users\steve\AppData\Local\Temp\surefire9619545961503778902\surefirebooter-20240304165931455_3.jar"/>
    <property name="user.script" value=""/>
    <property name="sun.management.compiler" value="HotSpot 64-Bit Tiered Compilers"/>
    <property name="java.runtime.version" value="21.0.2+13-LTS-58"/>
    <property name="user.name" value="Steve"/>
    <property name="stdout.encoding" value="Cp1252"/>
    <property name="path.separator" value=";"/>
    <property name="os.version" value="10.0"/>
    <property name="java.runtime.name" value="Java(TM) SE Runtime Environment"/>
    <property name="file.encoding" value="UTF-8"/>
    <property name="java.vm.name" value="Java HotSpot(TM) 64-Bit Server VM"/>
    <property name="localRepository" value="C:\Users\steve\.m2\repository"/>
    <property name="java.vendor.url.bug" value="https://bugreport.java.com/bugreport/"/>
    <property name="java.io.tmpdir" value="C:\Users\steve\AppData\Local\Temp\"/>
    <property name="java.version" value="21.0.2"/>
    <property name="user.dir" value="C:\Users\steve\OneDrive\Documents\Java MasterClass\MineSweeper"/>
    <property name="os.arch" value="amd64"/>
    <property name="java.vm.specification.name" value="Java Virtual Machine Specification"/>
    <property name="sun.os.patch.level" value=""/>
    <property name="native.encoding" value="Cp1252"/>
    <property name="java.library.path" value="C:\Users\steve\OneDrive\Documents\jdk-21\bin;C:\Windows\Sun\Java\bin;C:\Windows\system32;C:\Windows;C:\Program Files\Common Files\Oracle\Java\javapath;C:\Windows\system32;C:\Windows;C:\Windows\System32\Wbem;C:\Windows\System32\WindowsPowerShell\v1.0\;C:\Windows\System32\OpenSSH\;C:\Program Files\nodejs\;C:\Program Files\Git\cmd;C:\Users\steve\OneDrive\Documents\jdk-21\bin;C:\Users\steve\OneDrive\Documents\apache-maven-3.9.6\bin;C:\Users\steve\AppData\Local\Microsoft\WindowsApps;C:\Users\steve\AppData\Local\Programs\Microsoft VS Code\bin;C:\Users\steve\AppData\Roaming\npm;C:\Users\steve\OneDrive\Documents\sqlite-tools-win-x64-3440200;C:\Users\steve\AppData\Local\gitkraken\bin;."/>
    <property name="java.vm.info" value="mixed mode, sharing"/>
    <property name="stderr.encoding" value="Cp1252"/>
    <property name="java.vendor" value="Oracle Corporation"/>
    <property name="java.vm.version" value="21.0.2+13-LTS-58"/>
    <property name="sun.io.unicode.encoding" value="UnicodeLittle"/>
    <property name="java.class.version" value="65.0"/>
  </properties>
  <testcase name="numberOfMinesMedium" classname="GameTest" time="0.604">
    <system-out><![CDATA[-----
1     2     99     99     1     0     
1     99     3     2     1     0     
1     2     2     1     0     0     
0     1     99     1     0     0     
0     1     2     2     1     0     
0     0     1     99     1     0     

0     0     0     1     1     1     0     0     
0     0     0     1     99     2     1     0     
0     0     0     1     3     99     2     0     
1     2     2     1     2     99     2     0     
1     99     99     1     1     1     1     0     
1     2     2     1     0     0     0     0     
0     1     1     2     1     2     1     1     
0     1     99     2     99     2     99     1     

0     0     0     0     0     0     1     99     99     99     
0     0     0     0     0     0     1     3     99     3     
1     1     1     0     0     1     1     2     1     1     
1     99     1     1     1     2     99     1     0     0     
1     1     1     1     99     2     1     1     0     0     
0     0     0     1     1     1     0     0     0     0     
0     0     0     0     0     0     0     0     0     0     
0     0     0     0     0     0     0     0     0     0     
0     1     1     1     0     0     0     0     0     0     
0     1     99     1     0     0     0     0     0     0     

Board Created!
]]></system-out>
  </testcase>
  <testcase name="actionPerformed" classname="GameTest" time="0.274">
    <system-out><![CDATA[-----
1     99     1     0     1     1     
1     1     1     0     1     99     
1     1     1     0     1     1     
1     99     1     0     0     0     
2     2     1     0     1     1     
99     1     0     0     1     99     

1     1     2     99     99     1     1     1     
1     99     2     2     2     1     1     99     
1     1     1     0     0     1     2     2     
0     0     0     0     0     2     99     2     
0     0     0     0     0     2     99     3     
0     0     1     1     1     1     3     99     
0     0     1     99     1     0     2     99     
0     0     1     1     1     0     1     1     

1     1     1     0     0     1     1     1     2     99     
1     99     1     0     0     2     99     2     3     99     
2     2     1     0     0     2     99     2     3     99     
99     1     0     0     0     1     1     1     2     99     
1     1     0     1     1     1     0     1     2     2     
0     1     1     2     99     2     1     2     99     1     
0     1     99     2     1     2     99     2     1     1     
1     2     2     1     0     1     1     1     0     0     
1     99     2     2     1     1     0     0     0     0     
1     2     99     2     99     1     0     0     0     0     

Board Created!
]]></system-out>
  </testcase>
  <testcase name="numberOfMinesEasy" classname="GameTest" time="0.275">
    <system-out><![CDATA[-----
99     2     99     99     2     1     
2     3     2     3     99     1     
99     2     0     1     1     1     
99     2     1     1     1     0     
1     1     2     99     3     1     
0     0     2     99     99     1     

1     99     2     99     1     0     0     0     
1     1     2     1     1     0     0     0     
1     1     0     0     0     0     0     0     
99     1     0     0     0     0     0     0     
2     2     1     0     0     0     1     1     
1     99     1     0     0     0     1     99     
1     1     1     0     0     0     1     1     
0     0     0     0     0     0     0     0     

1     3     99     3     99     99     3     1     2     99     
2     99     99     3     4     99     5     99     3     1     
99     4     3     1     2     99     5     99     3     1     
3     99     2     1     2     3     99     4     99     3     
2     99     3     2     99     2     1     3     99     99     
2     2     3     99     3     2     0     2     4     4     
2     99     2     2     99     1     1     2     99     99     
99     3     1     1     2     3     3     99     3     2     
99     2     0     0     1     99     99     2     2     1     
1     1     0     0     1     2     2     1     1     99     

Board Created!
]]></system-out>
  </testcase>
  <testcase name="numberOfMinesHard" classname="GameTest" time="0.104">
    <system-out><![CDATA[-----
1     3     99     3     99     1     
2     99     99     3     2     2     
99     4     4     3     2     99     
1     3     99     99     2     1     
1     3     99     3     1     0     
99     2     1     1     0     0     

0     0     1     1     1     0     0     0     
0     0     1     99     1     0     0     0     
0     0     1     1     1     0     0     0     
1     1     0     0     0     0     0     0     
99     1     0     0     1     1     1     0     
1     1     0     0     1     99     2     1     
1     2     1     1     1     2     99     1     
99     2     99     1     0     1     1     1     

0     0     0     0     0     0     0     0     0     0     
0     0     0     0     0     0     0     0     1     1     
0     1     1     1     0     0     0     0     1     99     
1     2     99     1     0     0     0     0     1     1     
1     99     2     1     0     0     0     1     1     1     
1     1     1     0     0     0     0     1     99     1     
0     0     0     0     0     0     0     1     1     1     
0     0     0     0     0     0     0     0     0     0     
0     0     0     0     1     1     1     0     0     0     
0     0     0     0     1     99     1     0     0     0     

Board Created!
]]></system-out>
  </testcase>
  <testcase name="isWinner" classname="GameTest" time="0.117">
    <system-out><![CDATA[-----
99     99     2     1     0     0     
2     3     99     1     0     0     
1     2     2     1     0     0     
2     99     1     0     0     0     
99     3     3     2     2     1     
2     99     2     99     99     1     

0     0     0     0     0     0     0     0     
0     0     0     0     0     0     0     0     
0     0     0     0     0     0     0     0     
0     0     0     0     0     0     0     0     
0     0     0     0     0     0     0     0     
1     1     0     1     1     1     0     0     
99     1     0     1     99     1     0     0     
1     1     0     1     1     1     0     0     

0     0     0     0     1     99     2     1     1     0     
0     0     0     0     1     2     3     99     1     0     
0     0     0     0     0     1     99     2     1     0     
0     0     0     0     0     1     2     3     2     1     
0     0     0     0     0     0     1     99     99     1     
0     0     0     0     0     0     1     2     2     1     
0     0     0     0     0     0     0     0     0     0     
1     1     0     0     0     0     1     1     1     0     
99     1     0     0     0     0     1     99     1     0     
1     1     0     0     0     0     1     1     1     0     

Board Created!
]]></system-out>
  </testcase>
</testsuite>